<?xml version="1.0" encoding="UTF-8"?>
<testsuite xmlns:xsi="http://www.w3.org/2001/XMLSchema-instance" xsi:noNamespaceSchemaLocation="https://maven.apache.org/surefire/maven-surefire-plugin/xsd/surefire-test-report.xsd" name="runner.RunnerTest" time="47.787" tests="4" errors="0" skipped="0" failures="0">
  <properties>
[...]
</properties>
  <testcase name="Dado que estou na tela de Serviços" classname="Cenário: Acessar Monitoramento de CPF ativo" time="0.002"/>
  <testcase name="Quando toco em Monitoramento de CPF ativo" classname="Cenário: Acessar Monitoramento de CPF ativo" time="0"/>
  <testcase name="Então vejo a tela de monitoramento" classname="Cenário: Acessar Monitoramento de CPF ativo" time="0"/>
  <testcase name="Cenário: Acessar Monitoramento de CPF ativo" classname="Cenário: Acessar Monitoramento de CPF ativo" time="0.512"/>
</testsuite>