<?xml version="1.0" encoding="UTF-8"?>
<testsuite xmlns:xsi="http://www.w3.org/2001/XMLSchema-instance" xsi:noNamespaceSchemaLocation="https://maven.apache.org/surefire/maven-surefire-plugin/xsd/surefire-test-report.xsd" name="runner.RunnerTest" time="66.187" tests="5" errors="0" skipped="0" failures="0">
  <properties>
[...]
</properties>
  <testcase name="Dado que estou na tela de login" classname="Cenário: Consulta dívidas negativadas" time="0.003"/>
  <testcase name="Quando insiro dados corretos" classname="Cenário: Consulta dívidas negativadas" time="0"/>
  <testcase name="E clico na aba meu CPF e dividas negativas" classname="Cenário: Consulta dívidas negativadas" time="0"/>
  <testcase name="Então valido que nao possuo dividas negativas" classname="Cenário: Consulta dívidas negativadas" time="0"/>
  <testcase name="Cenário: Consulta dívidas negativadas" classname="Cenário: Consulta dívidas negativadas" time="0.946"/>
</testsuite>